\BOOKMARK [1][-]{section.1}{\376\377\000D\000e\000v\000e\000l\000o\000p\000m\000e\000n\000t\000\040\000T\000a\000s\000k\000s}{}% 1
\BOOKMARK [1][-]{section.2}{\376\377\000F\000o\000r\000m\000a\000t\000t\000i\000n\000g}{}% 2
\BOOKMARK [1][-]{section.3}{\376\377\000I\000t\000e\000m\000i\000z\000a\000t\000i\000o\000n}{}% 3
\BOOKMARK [2][-]{subsection.3.1}{\376\377\000B\000u\000l\000l\000e\000t\000\040\000l\000i\000s\000t}{section.3}% 4
\BOOKMARK [2][-]{subsection.3.2}{\376\377\000E\000n\000u\000m\000e\000r\000a\000t\000e\000d\000\040\000l\000i\000s\000t}{section.3}% 5
\BOOKMARK [2][-]{subsection.3.3}{\376\377\000T\000a\000s\000k\000\040\000l\000i\000s\000t}{section.3}% 6
\BOOKMARK [1][-]{section.4}{\376\377\000A\000d\000d\000i\000n\000g\000\040\000c\000i\000t\000a\000t\000i\000o\000n\000s}{}% 7
\BOOKMARK [1][-]{section.5}{\376\377\000E\000q\000u\000a\000t\000i\000o\000n\000s}{}% 8
\BOOKMARK [2][-]{subsection.5.1}{\376\377\000W\000r\000i\000t\000i\000n\000g\000\040\000t\000h\000e\000\040\000e\000q\000u\000a\000t\000i\000o\000n}{section.5}% 9
\BOOKMARK [2][-]{subsection.5.2}{\376\377\000R\000e\000f\000e\000r\000e\000n\000c\000i\000n\000g\000\040\000t\000h\000e\000\040\000e\000q\000u\000a\000t\000i\000o\000n}{section.5}% 10
\BOOKMARK [1][-]{section.6}{\376\377\000F\000i\000g\000u\000r\000e\000s}{}% 11
\BOOKMARK [2][-]{subsection.6.1}{\376\377\000A\000d\000d\000i\000n\000g\000\040\000f\000i\000g\000u\000r\000e\000s}{section.6}% 12
\BOOKMARK [3][-]{subsubsection.6.1.1}{\376\377\000N\000o\000\040\000s\000u\000b\000f\000i\000g\000u\000r\000e\000s}{subsection.6.1}% 13
\BOOKMARK [3][-]{subsubsection.6.1.2}{\376\377\000W\000i\000t\000h\000\040\000s\000u\000b\000f\000i\000g\000u\000r\000e\000s}{subsection.6.1}% 14
\BOOKMARK [2][-]{subsection.6.2}{\376\377\000R\000e\000f\000e\000r\000e\000n\000c\000i\000n\000g\000\040\000f\000i\000g\000u\000r\000e\000s}{section.6}% 15
\BOOKMARK [1][-]{section.7}{\376\377\000A\000d\000m\000o\000n\000i\000t\000i\000o\000n\000\040\000b\000l\000o\000c\000k\000s}{}% 16
\BOOKMARK [1][-]{section.8}{\376\377\000C\000o\000d\000e\000\040\000b\000l\000o\000c\000k\000s}{}% 17
\BOOKMARK [1][-]{section.9}{\376\377\000C\000r\000o\000s\000s\000-\000r\000e\000f\000e\000r\000e\000n\000c\000e\000\040\000o\000f\000\040\000s\000e\000c\000t\000i\000o\000n}{}% 18
\BOOKMARK [1][-]{section.10}{\376\377\000"\0004\0007\000A\000C\000r\000o\000s\000s\000-\000r\000e\000f\000e\000r\000e\000n\000c\000e\000\040\000o\000f\000\040\000b\000l\000o\000c\000k}{}% 19
\BOOKMARK [1][-]{section.11}{\376\377\000A\000s\000s\000u\000m\000e\000\040\000s\000e\000c\000t\000i\000o\000n\000s\000\040\000f\000r\000o\000m\000\040\000e\000m\000b\000e\000d\000d\000e\000d\000\040\000n\000o\000t\000e\000s}{}% 20
\BOOKMARK [2][-]{subsection.11.1}{\376\377\000S\000e\000c\000t\000i\000o\000n\000\040\0001\000\040\000o\000f\000\040\000e\000m\000b\000e\000d\000d\000e\000d}{section.11}% 21
\BOOKMARK [3][-]{subsubsection.11.1.1}{\376\377\000s\000u\000b\000s\000e\000c\000t\000i\000o\000n\000\040\0001\000\040\000o\000f\000\040\000e\000m\000b\000e\000d\000d\000e\000d}{subsection.11.1}% 22
\BOOKMARK [1][-]{section.12}{\376\377\000H\000y\000p\000e\000r\000l\000i\000n\000k\000s}{}% 23
\BOOKMARK [1][-]{section.13}{\376\377\000T\000a\000b\000l\000e\000s}{}% 24
\BOOKMARK [1][-]{section.13}{\376\377\000R\000e\000f\000e\000r\000e\000n\000c\000e\000s}{}% 25
